
> server@1.0.0 dev
> nodemon

[33m[nodemon] 3.1.10[39m
[33m[nodemon] to restart at any time, enter `rs`[39m
[33m[nodemon] watching path(s): src/**/*[39m
[33m[nodemon] watching extensions: ts[39m
[32m[nodemon] starting `ts-node ./src/index.ts`[39m
node:internal/modules/cjs/loader:1408
  throw err;
  ^

Error: Cannot find module './index.ts'
Require stack:
- /Users/johaneliasson/Documents/Projects/pdf-classifier/server/src/imaginaryUncacheableRequireResolveScript
    at Function._resolveFilename (node:internal/modules/cjs/loader:1405:15)
    at Function.resolve (node:internal/modules/helpers:145:19)
    at requireResolveNonCached (/Users/johaneliasson/Documents/Projects/pdf-classifier/node_modules/ts-node/dist/bin.js:549:16)
    at getProjectSearchDir (/Users/johaneliasson/Documents/Projects/pdf-classifier/node_modules/ts-node/dist/bin.js:519:40)
    at phase3 (/Users/johaneliasson/Documents/Projects/pdf-classifier/node_modules/ts-node/dist/bin.js:267:27)
    at bootstrap (/Users/johaneliasson/Documents/Projects/pdf-classifier/node_modules/ts-node/dist/bin.js:47:30)
    at main (/Users/johaneliasson/Documents/Projects/pdf-classifier/node_modules/ts-node/dist/bin.js:33:12)
    at Object.<anonymous> (/Users/johaneliasson/Documents/Projects/pdf-classifier/node_modules/ts-node/dist/bin.js:579:5)
    at Module._compile (node:internal/modules/cjs/loader:1734:14)
    at Object..js (node:internal/modules/cjs/loader:1899:10) {
  code: 'MODULE_NOT_FOUND',
  requireStack: [
    '/Users/johaneliasson/Documents/Projects/pdf-classifier/server/src/imaginaryUncacheableRequireResolveScript'
  ]
}

Node.js v23.10.0
[31m[nodemon] app crashed - waiting for file changes before starting...[39m
